<?xml version="1.0" encoding="utf-8"?><testsuites name="pytest tests"><testsuite name="pytest" errors="0" failures="0" skipped="0" tests="8" time="2.799" timestamp="2026-08-01T19:13:59.389574+00:00" hostname="agent-env-b882d9f7-f775-42b0-b55e-ace16ce7ada0"><testcase classname="tests.test_bulk_upload" name="test_upload_parses_filename[Tagliatelles al rag\xf9 26.50.jpg-Tagliatelles al rag\xf9-26.5]" time="0.551" /><testcase classname="tests.test_bulk_upload" name="test_upload_parses_filename[Parmigiano_24_mois_18.90.png-Parmigiano 24 mois-18.9]" time="0.143" /><testcase classname="tests.test_bulk_upload" name="test_upload_parses_filename[Ossobuco - 32 CHF.webp-Ossobuco-32.0]" time="0.099" /><testcase classname="tests.test_bulk_upload" name="test_upload_parses_filename[Simple pasta.jpg-Simple pasta-0.0]" time="0.144" /><testcase classname="tests.test_bulk_upload" name="test_upload_epicerie" time="0.139" /><testcase classname="tests.test_bulk_upload" name="test_uploaded_files_visible_in_products" time="0.131" /><testcase classname="tests.test_bulk_upload" name="test_upload_invalid_extension_rejected" time="0.103" /><testcase classname="tests.test_bulk_upload" name="test_upload_requires_auth" time="0.957" /></testsuite></testsuites>