<?xml version="1.0" encoding="utf-8"?><testsuites name="pytest tests"><testsuite name="pytest" errors="0" failures="0" skipped="0" tests="5" time="2.068" timestamp="2026-09-18T15:14:27.517025+00:00" hostname="agent-env-b882d9f7-f775-42b0-b55e-ace16ce7ada0"><testcase classname="tests.test_iteration_16" name="test_schedule_no_dinner[restaurant]" time="0.530" /><testcase classname="tests.test_iteration_16" name="test_schedule_no_dinner[reservation]" time="0.129" /><testcase classname="tests.test_iteration_16" name="test_schedule_no_dinner[epicerie]" time="0.133" /><testcase classname="tests.test_iteration_16" name="test_reorder_products" time="0.621" /><testcase classname="tests.test_iteration_16" name="test_reorder_requires_auth" time="0.095" /></testsuite></testsuites>