<?xml version="1.0" encoding="utf-8"?><testsuites name="pytest tests"><testsuite name="pytest" errors="0" failures="0" skipped="0" tests="8" time="2.662" timestamp="2026-08-15T12:48:35.661089+00:00" hostname="agent-env-b882d9f7-f775-42b0-b55e-ace16ce7ada0"><testcase classname="tests.test_iter14_restrictions_tracking.TestCategoryRestrictionSchema" name="test_create_category_with_restriction" time="0.683" /><testcase classname="tests.test_iter14_restrictions_tracking.TestCategoryRestrictionSchema" name="test_update_category_restriction" time="0.272" /><testcase classname="tests.test_iter14_restrictions_tracking.TestCategoryRestrictionSchema" name="test_create_category_without_restriction" time="0.591" /><testcase classname="tests.test_iter14_restrictions_tracking.TestOrderTimeRestriction" name="test_order_blocked_when_hour_in_window" time="1.181" /><testcase classname="tests.test_iter14_restrictions_tracking.TestOrderTimeRestriction" name="test_order_blocked_wraparound_window" time="0.323" /><testcase classname="tests.test_iter14_restrictions_tracking.TestOrderTimeRestriction" name="test_order_succeeds_outside_window" time="0.528" /><testcase classname="tests.test_iter14_restrictions_tracking.TestEmailTemplateTrackingLink" name="test_emails_module_contains_suivi_link" time="0.000" /><testcase classname="tests.test_iter14_restrictions_tracking.TestOrderTrackingApi" name="test_get_unknown_order_returns_404" time="0.109" /></testsuite></testsuites>