<?xml version="1.0" encoding="utf-8"?><testsuites name="pytest tests"><testsuite name="pytest" errors="0" failures="0" skipped="0" tests="6" time="2.094" timestamp="2026-08-15T13:46:56.955643+00:00" hostname="agent-env-b882d9f7-f775-42b0-b55e-ace16ce7ada0"><testcase classname="tests.test_iter15_reservations" name="test_reservations_created" time="0.996" /><testcase classname="tests.test_iter15_reservations" name="test_reservation_has_seen_by_admin_false" time="0.440" /><testcase classname="tests.test_iter15_reservations" name="test_patch_seen_sets_true" time="0.202" /><testcase classname="tests.test_iter15_reservations" name="test_patch_status_sets_seen_implicitly" time="0.191" /><testcase classname="tests.test_iter15_reservations" name="test_seen_endpoint_requires_auth" time="0.107" /><testcase classname="tests.test_iter15_reservations" name="test_admin_list_requires_auth" time="0.092" /></testsuite></testsuites>