<?xml version="1.0" encoding="utf-8"?><testsuites name="pytest tests"><testsuite name="pytest" errors="0" failures="0" skipped="0" tests="4" time="2.673" timestamp="2026-08-15T12:02:30.954009+00:00" hostname="agent-env-b882d9f7-f775-42b0-b55e-ace16ce7ada0"><testcase classname="tests.test_alarm_orders" name="test_products_available" time="0.150" /><testcase classname="tests.test_alarm_orders" name="test_create_order_takeaway_and_pushover" time="0.929" /><testcase classname="tests.test_alarm_orders" name="test_admin_orders_requires_auth" time="0.092" /><testcase classname="tests.test_alarm_orders" name="test_admin_advance_order_status" time="0.934" /></testsuite></testsuites>