<?xml version="1.0" encoding="utf-8"?><testsuites name="pytest tests"><testsuite name="pytest" errors="0" failures="0" skipped="0" tests="9" time="2.369" timestamp="2026-08-03T13:52:29.895154+00:00" hostname="agent-env-b882d9f7-f775-42b0-b55e-ace16ce7ada0"><testcase classname="tests.test_iter10_mongo_uploads_tags.TestTags" name="test_create_product_with_tags" time="0.756" /><testcase classname="tests.test_iter10_mongo_uploads_tags.TestMongoUpload" name="test_upload_and_fetch_marker_bytes" time="0.857" /><testcase classname="tests.test_iter10_mongo_uploads_tags.TestTags" name="test_list_tags_contains_salami_viande" time="0.165" /><testcase classname="tests.test_iter10_mongo_uploads_tags.TestMongoUpload" name="test_mongo_db_document_exists" time="0.087" /><testcase classname="tests.test_iter10_mongo_uploads_tags.TestTags" name="test_set_tag_oos" time="0.269" /><testcase classname="tests.test_iter10_mongo_uploads_tags.TestMongoUpload" name="test_cleanup_upload_doc" time="0.019" /><testcase classname="tests.test_iter10_mongo_uploads_tags.TestBulkDelete" name="test_bulk_delete_noop_on_unknown_menu_type" time="0.799" /><testcase classname="tests.test_iter10_mongo_uploads_tags.TestTags" name="test_clear_tag_oos" time="0.253" /><testcase classname="tests.test_iter10_mongo_uploads_tags.TestTags" name="test_cleanup_tag_product" time="0.114" /></testsuite></testsuites>