<?xml version="1.0" encoding="utf-8"?><testsuites name="pytest tests"><testsuite name="pytest" errors="0" failures="0" skipped="0" tests="32" time="6.374" timestamp="2026-09-19T23:52:50.559078+00:00" hostname="agent-env-b882d9f7-f775-42b0-b55e-ace16ce7ada0"><testcase classname="backend.tests.test_node_migration" name="test_root" time="0.501" /><testcase classname="backend.tests.test_node_migration" name="test_login_bad" time="0.027" /><testcase classname="backend.tests.test_node_migration" name="test_auth_me" time="0.116" /><testcase classname="backend.tests.test_node_migration" name="test_settings" time="0.023" /><testcase classname="backend.tests.test_node_migration" name="test_theme" time="0.022" /><testcase classname="backend.tests.test_node_migration" name="test_content" time="0.024" /><testcase classname="backend.tests.test_node_migration" name="test_schedules" time="0.072" /><testcase classname="backend.tests.test_node_migration" name="test_schedule_bad_kind" time="0.022" /><testcase classname="backend.tests.test_node_migration" name="test_categories" time="0.025" /><testcase classname="backend.tests.test_node_migration" name="test_categories_filtered" time="0.025" /><testcase classname="backend.tests.test_node_migration" name="test_products_restaurant" time="0.023" /><testcase classname="backend.tests.test_node_migration" name="test_products_epicerie" time="0.022" /><testcase classname="backend.tests.test_node_migration" name="test_addon_groups" time="0.021" /><testcase classname="backend.tests.test_node_migration" name="test_admin_requires_auth" time="0.022" /><testcase classname="backend.tests.test_node_migration" name="test_staff_no_marketing" time="0.116" /><testcase classname="backend.tests.test_node_migration" name="test_product_full_lifecycle" time="0.161" /><testcase classname="backend.tests.test_node_migration" name="test_csv_export" time="0.029" /><testcase classname="backend.tests.test_node_migration" name="test_content_put_query_params" time="0.046" /><testcase classname="backend.tests.test_node_migration" name="test_theme_put_query_params" time="0.025" /><testcase classname="backend.tests.test_node_migration" name="test_create_onsite_order" time="1.144" /><testcase classname="backend.tests.test_node_migration" name="test_reservation_lead_time" time="0.025" /><testcase classname="backend.tests.test_node_migration" name="test_reservation_honeypot" time="0.022" /><testcase classname="backend.tests.test_node_migration" name="test_reservation_valid" time="0.966" /><testcase classname="backend.tests.test_node_migration" name="test_admin_reservations_list" time="0.024" /><testcase classname="backend.tests.test_node_migration" name="test_admin_orders_list" time="0.028" /><testcase classname="backend.tests.test_node_migration" name="test_admin_order_status_and_reprint" time="1.064" /><testcase classname="backend.tests.test_node_migration" name="test_promo_lifecycle" time="0.095" /><testcase classname="backend.tests.test_node_migration" name="test_marketing_emails_owner" time="0.023" /><testcase classname="backend.tests.test_node_migration" name="test_accounting_pdf" time="0.041" /><testcase classname="backend.tests.test_node_migration" name="test_image_upload" time="0.053" /><testcase classname="backend.tests.test_node_migration" name="test_cloudprnt_poll_shape" time="0.022" /><testcase classname="backend.tests.test_node_migration" name="test_cloudprnt_ticket_bytes_when_ready" time="1.408" /></testsuite></testsuites>