<?xml version="1.0" encoding="utf-8"?><testsuites name="pytest tests"><testsuite name="pytest" errors="0" failures="0" skipped="0" tests="6" time="3.720" timestamp="2026-08-03T12:10:18.969343+00:00" hostname="agent-env-b882d9f7-f775-42b0-b55e-ace16ce7ada0"><testcase classname="tests.test_persistent_storage" name="test_story_page_has_no_image" time="0.142" /><testcase classname="tests.test_persistent_storage" name="test_upload_and_fetch_returns_exact_bytes" time="1.179" /><testcase classname="tests.test_persistent_storage" name="test_persistence_after_local_delete" time="0.612" /><testcase classname="tests.test_persistent_storage" name="test_backward_compat_local_fallback" time="0.950" /><testcase classname="tests.test_persistent_storage" name="test_security_path_traversal" time="0.209" /><testcase classname="tests.test_persistent_storage" name="test_cleanup_delete_test_product" time="0.106" /></testsuite></testsuites>