<?xml version="1.0" encoding="utf-8"?><testsuites name="pytest tests"><testsuite name="pytest" errors="0" failures="0" skipped="0" tests="30" time="5.547" timestamp="2026-07-06T22:06:42.122536+00:00" hostname="agent-env-18d90595-37da-46c3-89e8-7b5a2e7f602e"><testcase classname="tests.backend_test.TestMenu" name="test_categories_restaurant" time="0.200" /><testcase classname="tests.backend_test.TestSettings" name="test_get_settings" time="0.275" /><testcase classname="tests.backend_test.TestMenu" name="test_categories_epicerie" time="0.145" /><testcase classname="tests.backend_test.TestMenu" name="test_products_restaurant" time="0.277" /><testcase classname="tests.backend_test.TestMenu" name="test_products_epicerie" time="0.446" /><testcase classname="tests.backend_test.TestSettings" name="test_update_settings_persists" time="0.851" /><testcase classname="tests.backend_test.TestOrders" name="test_create_order_takeaway_and_get" time="0.393" /><testcase classname="tests.backend_test.TestSettings" name="test_settings_has_preparation_time_minutes" time="0.097" /><testcase classname="tests.backend_test.TestSettings" name="test_settings_default_phone_is_international" time="0.149" /><testcase classname="tests.backend_test.TestSettings" name="test_settings_address_includes_postal_code" time="0.162" /><testcase classname="tests.backend_test.TestOrders" name="test_create_order_delivery_vat" time="0.366" /><testcase classname="tests.backend_test.TestSettings" name="test_update_preparation_time_minutes_persists" time="0.627" /><testcase classname="tests.backend_test.TestOrders" name="test_marketing_email_created_for_opt_in" time="0.475" /><testcase classname="tests.backend_test.TestAdminAuth" name="test_admin_orders_no_token_401" time="0.102" /><testcase classname="tests.backend_test.TestAdminAuth" name="test_admin_orders_with_token" time="0.101" /><testcase classname="tests.backend_test.TestOrders" name="test_create_order_with_postal_code_persists" time="0.365" /><testcase classname="tests.backend_test.TestAdminAuth" name="test_marketing_owner_ok" time="0.144" /><testcase classname="tests.backend_test.TestAuth" name="test_owner_login" time="0.532" /><testcase classname="tests.backend_test.TestAdminAuth" name="test_marketing_staff_forbidden" time="0.691" /><testcase classname="tests.backend_test.TestAuth" name="test_staff_login" time="0.330" /><testcase classname="tests.backend_test.TestSchedules" name="test_schedule_returns_days[restaurant]" time="0.331" /><testcase classname="tests.backend_test.TestAuth" name="test_wrong_credentials_returns_401" time="0.100" /><testcase classname="tests.backend_test.TestSchedules" name="test_schedule_returns_days[reservation]" time="0.160" /><testcase classname="tests.backend_test.TestReservations" name="test_create_reservation" time="0.114" /><testcase classname="tests.backend_test.TestSchedules" name="test_schedule_returns_days[epicerie]" time="0.096" /><testcase classname="tests.backend_test.TestReservations" name="test_reservation_honeypot" time="0.107" /><testcase classname="tests.backend_test.TestProductAdmin" name="test_crud_and_oos" time="0.758" /><testcase classname="tests.backend_test.TestReservations" name="test_reservation_past_time_400" time="0.116" /><testcase classname="tests.backend_test.TestAccounting" name="test_pdf" time="0.108" /><testcase classname="tests.backend_test.TestCategoryReorder" name="test_move_swaps_order" time="0.401" /></testsuite></testsuites>