<?xml version="1.0" encoding="utf-8"?><testsuites name="pytest tests"><testsuite name="pytest" errors="0" failures="0" skipped="0" tests="25" time="4.225" timestamp="2026-07-06T16:12:10.329179+00:00" hostname="agent-env-18d90595-37da-46c3-89e8-7b5a2e7f602e"><testcase classname="tests.backend_test.TestAdminAuth" name="test_admin_orders_no_token_401" time="0.180" /><testcase classname="tests.backend_test.TestMenu" name="test_categories_restaurant" time="0.175" /><testcase classname="tests.backend_test.TestMenu" name="test_categories_epicerie" time="0.152" /><testcase classname="tests.backend_test.TestMenu" name="test_products_restaurant" time="0.245" /><testcase classname="tests.backend_test.TestAdminAuth" name="test_admin_orders_with_token" time="0.505" /><testcase classname="tests.backend_test.TestMenu" name="test_products_epicerie" time="0.112" /><testcase classname="tests.backend_test.TestAdminAuth" name="test_marketing_owner_ok" time="0.329" /><testcase classname="tests.backend_test.TestAuth" name="test_owner_login" time="0.327" /><testcase classname="tests.backend_test.TestAuth" name="test_staff_login" time="0.603" /><testcase classname="tests.backend_test.TestAdminAuth" name="test_marketing_staff_forbidden" time="0.598" /><testcase classname="tests.backend_test.TestSchedules" name="test_schedule_returns_days[restaurant]" time="0.101" /><testcase classname="tests.backend_test.TestAuth" name="test_wrong_credentials_returns_401" time="0.112" /><testcase classname="tests.backend_test.TestSchedules" name="test_schedule_returns_days[reservation]" time="0.095" /><testcase classname="tests.backend_test.TestOrders" name="test_create_order_takeaway_and_get" time="0.367" /><testcase classname="tests.backend_test.TestSchedules" name="test_schedule_returns_days[epicerie]" time="0.118" /><testcase classname="tests.backend_test.TestReservations" name="test_create_reservation" time="0.112" /><testcase classname="tests.backend_test.TestReservations" name="test_reservation_honeypot" time="0.096" /><testcase classname="tests.backend_test.TestOrders" name="test_create_order_delivery_vat" time="0.320" /><testcase classname="tests.backend_test.TestReservations" name="test_reservation_past_time_400" time="0.123" /><testcase classname="tests.backend_test.TestSettings" name="test_get_settings" time="0.103" /><testcase classname="tests.backend_test.TestSettings" name="test_update_settings_persists" time="0.586" /><testcase classname="tests.backend_test.TestOrders" name="test_marketing_email_created_for_opt_in" time="0.465" /><testcase classname="tests.backend_test.TestProductAdmin" name="test_crud_and_oos" time="0.832" /><testcase classname="tests.backend_test.TestCategoryReorder" name="test_move_swaps_order" time="0.425" /><testcase classname="tests.backend_test.TestAccounting" name="test_pdf" time="0.116" /></testsuite></testsuites>